<?xml version="1.0" encoding="UTF-8"?>
<testsuite xmlns:xsi="http://www.w3.org/2001/XMLSchema-instance" xsi:noNamespaceSchemaLocation="https://maven.apache.org/surefire/maven-surefire-plugin/xsd/surefire-test-report-3.0.xsd" version="3.0" name="com.sathish.restApp.RestAppApplicationTests" time="3.95" tests="1" errors="0" skipped="0" failures="0">
  <properties>
[...]
</properties>
  <testcase name="contextLoads" classname="com.sathish.restApp.RestAppApplicationTests" time="1.008">
    <system-out><![CDATA[21:41:27.856 [main] INFO org.springframework.test.context.support.AnnotationConfigContextLoaderUtils -- Could not detect default configuration classes for test class [com.sathish.restApp.RestAppApplicationTests]: RestAppApplicationTests does not declare any static, non-private, non-final, nested classes annotated with @Configuration.
21:41:28.025 [main] INFO org.springframework.boot.test.context.SpringBootTestContextBootstrapper -- Found @SpringBootConfiguration com.sathish.restApp.RestAppApplication for test class com.sathish.restApp.RestAppApplicationTests

  .   ____          _            __ _ _
 /\\ / ___'_ __ _ _(_)_ __  __ _ \ \ \ \
( ( )\___ | '_ | '_| | '_ \/ _` | \ \ \ \
 \\/  ___)| |_)| | | | | || (_| |  ) ) ) )
  '  |____| .__|_| |_|_| |_\__, | / / / /
 =========|_|==============|___/=/_/_/_/
 :: Spring Boot ::                (v3.2.4)

2024-04-16T21:41:28.565+05:30  INFO 7896 --- [restApp] [           main] c.s.restApp.RestAppApplicationTests      : Starting RestAppApplicationTests using Java 18.0.2.1 with PID 7896 (started by ASUS in C:\Users\ASUS\Downloads\restApp\restApp)
2024-04-16T21:41:28.567+05:30  INFO 7896 --- [restApp] [           main] c.s.restApp.RestAppApplicationTests      : No active profile set, falling back to 1 default profile: "default"
2024-04-16T21:41:30.483+05:30  INFO 7896 --- [restApp] [           main] c.s.restApp.RestAppApplicationTests      : Started RestAppApplicationTests in 2.232 seconds (process running for 3.541)
]]></system-out>
  </testcase>
</testsuite>